<?xml version="1.0" encoding="UTF-8"?>
<!-- Generated by org.testng.reporters.JUnitReportReporter -->
<testsuite hostname="LAPTOP-6BQ4FA1K" failures="0" tests="2" name="org.qaway.TestInitialPage" time="10.205" errors="0" timestamp="2022-12-17T12:03:39 CET" skipped="0">
  <testcase classname="org.qaway.TestInitialPage" name="validateLandingPage" time="7.400"/>
  <system-out/>
  <testcase classname="org.qaway.TestInitialPage" name="validateLoginPageElements" time="2.805"/>
  <system-out/>
</testsuite> <!-- org.qaway.TestInitialPage -->
