<?xml version="1.0" encoding="UTF-8"?>
<!-- Generated by org.testng.reporters.JUnitReportReporter -->
<testsuite hostname="LAPTOP-6BQ4FA1K" failures="0" tests="3" name="org.qaway.TestLogin" time="8.255" errors="0" timestamp="2022-12-17T12:03:39 CET" skipped="0">
  <testcase classname="org.qaway.TestLogin" name="loginAttemptWithoutPssword" time="2.559"/>
  <system-out/>
  <testcase classname="org.qaway.TestLogin" name="loginWithValidCredential" time="3.199"/>
  <system-out/>
  <testcase classname="org.qaway.TestLogin" name="loginAttemptWithoutUsername" time="2.497"/>
  <system-out/>
</testsuite> <!-- org.qaway.TestLogin -->
